<?xml version="1.0" encoding="UTF-8"?>
<!-- Generated by org.testng.reporters.JUnitReportReporter -->
<testsuite hostname="LAPTOP-GVHTHD2P" failures="0" tests="1" name="Properties.AccessingGlobal" time="0.027" errors="0" timestamp="2022-04-07T20:21:12 IST" skipped="0">
  <testcase classname="Properties.AccessingGlobal" name="Data" time="0.027"/>
  <system-out/>
</testsuite> <!-- Properties.AccessingGlobal -->
